<?xml version="1.0" encoding="UTF-8" standalone="no"?>
<testsuite failures="0" name="cucumber.runtime.formatter.JUnitFormatter" skipped="0" tests="1" time="14.716986">
<testcase classname="Free CRM Login Feature with table" name="Free CRM Login Test Scenario 2" time="14.716986">
<system-out><![CDATA[Given User is already on Login Page.........................................passed
When Title of login page is Free CRM........................................passed
Then User enters username and password......................................passed
And User clicks on login button.............................................passed
And User is on home page with message.......................................passed
And User closes the browser.................................................passed
]]></system-out>
</testcase>
</testsuite>
